/!\ FAILSAFE /!\  Mon Feb 10 12:54:42 +0530 2014
  Status: 500 Internal Server Error
  no such file to load -- sqlite3
    /usr/local/rvm/rubies/ree-1.8.7-2012.02/lib/ruby/site_ruby/1.8/rubygems/custom_require.rb:29:in `gem_original_require'
    /usr/local/rvm/rubies/ree-1.8.7-2012.02/lib/ruby/site_ruby/1.8/rubygems/custom_require.rb:29:in `require'
    /usr/local/rvm/gems/ree-1.8.7-2012.02@global/gems/activesupport-2.3.8/lib/active_support/dependencies.rb:156:in `require'
    /usr/local/rvm/gems/ree-1.8.7-2012.02@global/gems/activesupport-2.3.8/lib/active_support/dependencies.rb:521:in `new_constants_in'
    /usr/local/rvm/gems/ree-1.8.7-2012.02@global/gems/activesupport-2.3.8/lib/active_support/dependencies.rb:156:in `require'
    /usr/local/rvm/gems/ree-1.8.7-2012.02@global/gems/activesupport-2.3.8/lib/active_support/core_ext/kernel/requires.rb:7:in `require_library_or_gem'
    /usr/local/rvm/gems/ree-1.8.7-2012.02@global/gems/activesupport-2.3.8/lib/active_support/core_ext/kernel/reporting.rb:11:in `silence_warnings'
    /usr/local/rvm/gems/ree-1.8.7-2012.02@global/gems/activesupport-2.3.8/lib/active_support/core_ext/kernel/requires.rb:5:in `require_library_or_gem'
    /usr/local/rvm/gems/ree-1.8.7-2012.02@global/gems/activerecord-2.3.8/lib/active_record/connection_adapters/sqlite3_adapter.rb:10:in `sqlite3_connection'
    /usr/local/rvm/gems/ree-1.8.7-2012.02@global/gems/activerecord-2.3.8/lib/active_record/connection_adapters/abstract/connection_pool.rb:223:in `send'
    /usr/local/rvm/gems/ree-1.8.7-2012.02@global/gems/activerecord-2.3.8/lib/active_record/connection_adapters/abstract/connection_pool.rb:223:in `new_connection'
    /usr/local/rvm/gems/ree-1.8.7-2012.02@global/gems/activerecord-2.3.8/lib/active_record/connection_adapters/abstract/connection_pool.rb:245:in `checkout_new_connection'
    /usr/local/rvm/gems/ree-1.8.7-2012.02@global/gems/activerecord-2.3.8/lib/active_record/connection_adapters/abstract/connection_pool.rb:188:in `checkout'
    /usr/local/rvm/gems/ree-1.8.7-2012.02@global/gems/activerecord-2.3.8/lib/active_record/connection_adapters/abstract/connection_pool.rb:184:in `loop'
    /usr/local/rvm/gems/ree-1.8.7-2012.02@global/gems/activerecord-2.3.8/lib/active_record/connection_adapters/abstract/connection_pool.rb:184:in `checkout'
    /usr/local/rvm/rubies/ree-1.8.7-2012.02/lib/ruby/1.8/monitor.rb:242:in `synchronize'
    /usr/local/rvm/gems/ree-1.8.7-2012.02@global/gems/activerecord-2.3.8/lib/active_record/connection_adapters/abstract/connection_pool.rb:183:in `checkout'
    /usr/local/rvm/gems/ree-1.8.7-2012.02@global/gems/activerecord-2.3.8/lib/active_record/connection_adapters/abstract/connection_pool.rb:98:in `connection'
    /usr/local/rvm/gems/ree-1.8.7-2012.02@global/gems/activerecord-2.3.8/lib/active_record/connection_adapters/abstract/connection_pool.rb:326:in `retrieve_connection'
    /usr/local/rvm/gems/ree-1.8.7-2012.02@global/gems/activerecord-2.3.8/lib/active_record/connection_adapters/abstract/connection_specification.rb:123:in `retrieve_connection'
    /usr/local/rvm/gems/ree-1.8.7-2012.02@global/gems/activerecord-2.3.8/lib/active_record/connection_adapters/abstract/connection_specification.rb:115:in `connection'
    /usr/local/rvm/gems/ree-1.8.7-2012.02@global/gems/activerecord-2.3.8/lib/active_record/query_cache.rb:9:in `cache'
    /usr/local/rvm/gems/ree-1.8.7-2012.02@global/gems/activerecord-2.3.8/lib/active_record/query_cache.rb:28:in `call'
    /usr/local/rvm/gems/ree-1.8.7-2012.02@global/gems/activerecord-2.3.8/lib/active_record/connection_adapters/abstract/connection_pool.rb:361:in `call'
    /usr/local/rvm/gems/ree-1.8.7-2012.02@global/gems/actionpack-2.3.8/lib/action_controller/string_coercion.rb:25:in `call'
    /usr/local/rvm/gems/ree-1.8.7-2012.02@global/gems/rack-1.1.6/lib/rack/head.rb:9:in `call'
    /usr/local/rvm/gems/ree-1.8.7-2012.02@global/gems/rack-1.1.6/lib/rack/methodoverride.rb:24:in `call'
    /usr/local/rvm/gems/ree-1.8.7-2012.02@global/gems/actionpack-2.3.8/lib/action_controller/params_parser.rb:15:in `call'
    /usr/local/rvm/gems/ree-1.8.7-2012.02@global/gems/actionpack-2.3.8/lib/action_controller/session/cookie_store.rb:99:in `call'
    /usr/local/rvm/gems/ree-1.8.7-2012.02@global/gems/actionpack-2.3.8/lib/action_controller/failsafe.rb:26:in `call'
    /usr/local/rvm/gems/ree-1.8.7-2012.02@global/gems/rack-1.1.6/lib/rack/lock.rb:11:in `call'
    /usr/local/rvm/gems/ree-1.8.7-2012.02@global/gems/rack-1.1.6/lib/rack/lock.rb:11:in `synchronize'
    /usr/local/rvm/gems/ree-1.8.7-2012.02@global/gems/rack-1.1.6/lib/rack/lock.rb:11:in `call'
    /usr/local/rvm/gems/ree-1.8.7-2012.02@global/gems/actionpack-2.3.8/lib/action_controller/dispatcher.rb:114:in `call'
    /usr/local/rvm/gems/ree-1.8.7-2012.02@global/gems/actionpack-2.3.8/lib/action_controller/reloader.rb:34:in `run'
    /usr/local/rvm/gems/ree-1.8.7-2012.02@global/gems/actionpack-2.3.8/lib/action_controller/dispatcher.rb:108:in `call'
    /usr/local/rvm/gems/ree-1.8.7-2012.02@global/gems/rails-2.3.8/lib/rails/rack/static.rb:31:in `call'
    /usr/local/rvm/gems/ree-1.8.7-2012.02@global/gems/rack-1.1.6/lib/rack/urlmap.rb:47:in `call'
    /usr/local/rvm/gems/ree-1.8.7-2012.02@global/gems/rack-1.1.6/lib/rack/urlmap.rb:41:in `each'
    /usr/local/rvm/gems/ree-1.8.7-2012.02@global/gems/rack-1.1.6/lib/rack/urlmap.rb:41:in `call'
    /usr/local/rvm/gems/ree-1.8.7-2012.02@global/gems/rails-2.3.8/lib/rails/rack/log_tailer.rb:17:in `call'
    /usr/local/rvm/gems/ree-1.8.7-2012.02@global/gems/rack-1.1.6/lib/rack/content_length.rb:13:in `call'
    /usr/local/rvm/gems/ree-1.8.7-2012.02@global/gems/rack-1.1.6/lib/rack/handler/webrick.rb:48:in `service'
    /usr/local/rvm/rubies/ree-1.8.7-2012.02/lib/ruby/1.8/webrick/httpserver.rb:104:in `service'
    /usr/local/rvm/rubies/ree-1.8.7-2012.02/lib/ruby/1.8/webrick/httpserver.rb:65:in `run'
    /usr/local/rvm/rubies/ree-1.8.7-2012.02/lib/ruby/1.8/webrick/server.rb:173:in `start_thread'
    /usr/local/rvm/rubies/ree-1.8.7-2012.02/lib/ruby/1.8/webrick/server.rb:162:in `start'
    /usr/local/rvm/rubies/ree-1.8.7-2012.02/lib/ruby/1.8/webrick/server.rb:162
/!\ FAILSAFE /!\  Mon Feb 10 12:55:26 +0530 2014
  Status: 500 Internal Server Error
  no such file to load -- sqlite3
    /usr/local/rvm/rubies/ree-1.8.7-2012.02/lib/ruby/site_ruby/1.8/rubygems/custom_require.rb:29:in `gem_original_require'
    /usr/local/rvm/rubies/ree-1.8.7-2012.02/lib/ruby/site_ruby/1.8/rubygems/custom_require.rb:29:in `require'
    /usr/local/rvm/gems/ree-1.8.7-2012.02@global/gems/activesupport-2.3.8/lib/active_support/dependencies.rb:156:in `require'
    /usr/local/rvm/gems/ree-1.8.7-2012.02@global/gems/activesupport-2.3.8/lib/active_support/dependencies.rb:521:in `new_constants_in'
    /usr/local/rvm/gems/ree-1.8.7-2012.02@global/gems/activesupport-2.3.8/lib/active_support/dependencies.rb:156:in `require'
    /usr/local/rvm/gems/ree-1.8.7-2012.02@global/gems/activesupport-2.3.8/lib/active_support/core_ext/kernel/requires.rb:7:in `require_library_or_gem'
    /usr/local/rvm/gems/ree-1.8.7-2012.02@global/gems/activesupport-2.3.8/lib/active_support/core_ext/kernel/reporting.rb:11:in `silence_warnings'
    /usr/local/rvm/gems/ree-1.8.7-2012.02@global/gems/activesupport-2.3.8/lib/active_support/core_ext/kernel/requires.rb:5:in `require_library_or_gem'
    /usr/local/rvm/gems/ree-1.8.7-2012.02@global/gems/activerecord-2.3.8/lib/active_record/connection_adapters/sqlite3_adapter.rb:10:in `sqlite3_connection'
    /usr/local/rvm/gems/ree-1.8.7-2012.02@global/gems/activerecord-2.3.8/lib/active_record/connection_adapters/abstract/connection_pool.rb:223:in `send'
    /usr/local/rvm/gems/ree-1.8.7-2012.02@global/gems/activerecord-2.3.8/lib/active_record/connection_adapters/abstract/connection_pool.rb:223:in `new_connection'
    /usr/local/rvm/gems/ree-1.8.7-2012.02@global/gems/activerecord-2.3.8/lib/active_record/connection_adapters/abstract/connection_pool.rb:245:in `checkout_new_connection'
    /usr/local/rvm/gems/ree-1.8.7-2012.02@global/gems/activerecord-2.3.8/lib/active_record/connection_adapters/abstract/connection_pool.rb:188:in `checkout'
    /usr/local/rvm/gems/ree-1.8.7-2012.02@global/gems/activerecord-2.3.8/lib/active_record/connection_adapters/abstract/connection_pool.rb:184:in `loop'
    /usr/local/rvm/gems/ree-1.8.7-2012.02@global/gems/activerecord-2.3.8/lib/active_record/connection_adapters/abstract/connection_pool.rb:184:in `checkout'
    /usr/local/rvm/rubies/ree-1.8.7-2012.02/lib/ruby/1.8/monitor.rb:242:in `synchronize'
    /usr/local/rvm/gems/ree-1.8.7-2012.02@global/gems/activerecord-2.3.8/lib/active_record/connection_adapters/abstract/connection_pool.rb:183:in `checkout'
    /usr/local/rvm/gems/ree-1.8.7-2012.02@global/gems/activerecord-2.3.8/lib/active_record/connection_adapters/abstract/connection_pool.rb:98:in `connection'
    /usr/local/rvm/gems/ree-1.8.7-2012.02@global/gems/activerecord-2.3.8/lib/active_record/connection_adapters/abstract/connection_pool.rb:326:in `retrieve_connection'
    /usr/local/rvm/gems/ree-1.8.7-2012.02@global/gems/activerecord-2.3.8/lib/active_record/connection_adapters/abstract/connection_specification.rb:123:in `retrieve_connection'
    /usr/local/rvm/gems/ree-1.8.7-2012.02@global/gems/activerecord-2.3.8/lib/active_record/connection_adapters/abstract/connection_specification.rb:115:in `connection'
    /usr/local/rvm/gems/ree-1.8.7-2012.02@global/gems/activerecord-2.3.8/lib/active_record/query_cache.rb:9:in `cache'
    /usr/local/rvm/gems/ree-1.8.7-2012.02@global/gems/activerecord-2.3.8/lib/active_record/query_cache.rb:28:in `call'
    /usr/local/rvm/gems/ree-1.8.7-2012.02@global/gems/activerecord-2.3.8/lib/active_record/connection_adapters/abstract/connection_pool.rb:361:in `call'
    /usr/local/rvm/gems/ree-1.8.7-2012.02@global/gems/actionpack-2.3.8/lib/action_controller/string_coercion.rb:25:in `call'
    /usr/local/rvm/gems/ree-1.8.7-2012.02@global/gems/rack-1.1.6/lib/rack/head.rb:9:in `call'
    /usr/local/rvm/gems/ree-1.8.7-2012.02@global/gems/rack-1.1.6/lib/rack/methodoverride.rb:24:in `call'
    /usr/local/rvm/gems/ree-1.8.7-2012.02@global/gems/actionpack-2.3.8/lib/action_controller/params_parser.rb:15:in `call'
    /usr/local/rvm/gems/ree-1.8.7-2012.02@global/gems/actionpack-2.3.8/lib/action_controller/session/cookie_store.rb:99:in `call'
    /usr/local/rvm/gems/ree-1.8.7-2012.02@global/gems/actionpack-2.3.8/lib/action_controller/failsafe.rb:26:in `call'
    /usr/local/rvm/gems/ree-1.8.7-2012.02@global/gems/rack-1.1.6/lib/rack/lock.rb:11:in `call'
    /usr/local/rvm/gems/ree-1.8.7-2012.02@global/gems/rack-1.1.6/lib/rack/lock.rb:11:in `synchronize'
    /usr/local/rvm/gems/ree-1.8.7-2012.02@global/gems/rack-1.1.6/lib/rack/lock.rb:11:in `call'
    /usr/local/rvm/gems/ree-1.8.7-2012.02@global/gems/actionpack-2.3.8/lib/action_controller/dispatcher.rb:114:in `call'
    /usr/local/rvm/gems/ree-1.8.7-2012.02@global/gems/actionpack-2.3.8/lib/action_controller/reloader.rb:34:in `run'
    /usr/local/rvm/gems/ree-1.8.7-2012.02@global/gems/actionpack-2.3.8/lib/action_controller/dispatcher.rb:108:in `call'
    /usr/local/rvm/gems/ree-1.8.7-2012.02@global/gems/rails-2.3.8/lib/rails/rack/static.rb:31:in `call'
    /usr/local/rvm/gems/ree-1.8.7-2012.02@global/gems/rack-1.1.6/lib/rack/urlmap.rb:47:in `call'
    /usr/local/rvm/gems/ree-1.8.7-2012.02@global/gems/rack-1.1.6/lib/rack/urlmap.rb:41:in `each'
    /usr/local/rvm/gems/ree-1.8.7-2012.02@global/gems/rack-1.1.6/lib/rack/urlmap.rb:41:in `call'
    /usr/local/rvm/gems/ree-1.8.7-2012.02@global/gems/rails-2.3.8/lib/rails/rack/log_tailer.rb:17:in `call'
    /usr/local/rvm/gems/ree-1.8.7-2012.02@global/gems/rack-1.1.6/lib/rack/content_length.rb:13:in `call'
    /usr/local/rvm/gems/ree-1.8.7-2012.02@global/gems/rack-1.1.6/lib/rack/handler/webrick.rb:48:in `service'
    /usr/local/rvm/rubies/ree-1.8.7-2012.02/lib/ruby/1.8/webrick/httpserver.rb:104:in `service'
    /usr/local/rvm/rubies/ree-1.8.7-2012.02/lib/ruby/1.8/webrick/httpserver.rb:65:in `run'
    /usr/local/rvm/rubies/ree-1.8.7-2012.02/lib/ruby/1.8/webrick/server.rb:173:in `start_thread'
    /usr/local/rvm/rubies/ree-1.8.7-2012.02/lib/ruby/1.8/webrick/server.rb:162:in `start'
    /usr/local/rvm/rubies/ree-1.8.7-2012.02/lib/ruby/1.8/webrick/server.rb:162
/!\ FAILSAFE /!\  Mon Feb 10 13:06:04 +0530 2014
  Status: 500 Internal Server Error
  no such file to load -- sqlite3
    /usr/local/rvm/rubies/ree-1.8.7-2012.02/lib/ruby/site_ruby/1.8/rubygems/custom_require.rb:29:in `gem_original_require'
    /usr/local/rvm/rubies/ree-1.8.7-2012.02/lib/ruby/site_ruby/1.8/rubygems/custom_require.rb:29:in `require'
    /usr/local/rvm/gems/ree-1.8.7-2012.02@global/gems/activesupport-2.3.8/lib/active_support/dependencies.rb:156:in `require'
    /usr/local/rvm/gems/ree-1.8.7-2012.02@global/gems/activesupport-2.3.8/lib/active_support/dependencies.rb:521:in `new_constants_in'
    /usr/local/rvm/gems/ree-1.8.7-2012.02@global/gems/activesupport-2.3.8/lib/active_support/dependencies.rb:156:in `require'
    /usr/local/rvm/gems/ree-1.8.7-2012.02@global/gems/activesupport-2.3.8/lib/active_support/core_ext/kernel/requires.rb:7:in `require_library_or_gem'
    /usr/local/rvm/gems/ree-1.8.7-2012.02@global/gems/activesupport-2.3.8/lib/active_support/core_ext/kernel/reporting.rb:11:in `silence_warnings'
    /usr/local/rvm/gems/ree-1.8.7-2012.02@global/gems/activesupport-2.3.8/lib/active_support/core_ext/kernel/requires.rb:5:in `require_library_or_gem'
    /usr/local/rvm/gems/ree-1.8.7-2012.02@global/gems/activerecord-2.3.8/lib/active_record/connection_adapters/sqlite3_adapter.rb:10:in `sqlite3_connection'
    /usr/local/rvm/gems/ree-1.8.7-2012.02@global/gems/activerecord-2.3.8/lib/active_record/connection_adapters/abstract/connection_pool.rb:223:in `send'
    /usr/local/rvm/gems/ree-1.8.7-2012.02@global/gems/activerecord-2.3.8/lib/active_record/connection_adapters/abstract/connection_pool.rb:223:in `new_connection'
    /usr/local/rvm/gems/ree-1.8.7-2012.02@global/gems/activerecord-2.3.8/lib/active_record/connection_adapters/abstract/connection_pool.rb:245:in `checkout_new_connection'
    /usr/local/rvm/gems/ree-1.8.7-2012.02@global/gems/activerecord-2.3.8/lib/active_record/connection_adapters/abstract/connection_pool.rb:188:in `checkout'
    /usr/local/rvm/gems/ree-1.8.7-2012.02@global/gems/activerecord-2.3.8/lib/active_record/connection_adapters/abstract/connection_pool.rb:184:in `loop'
    /usr/local/rvm/gems/ree-1.8.7-2012.02@global/gems/activerecord-2.3.8/lib/active_record/connection_adapters/abstract/connection_pool.rb:184:in `checkout'
    /usr/local/rvm/rubies/ree-1.8.7-2012.02/lib/ruby/1.8/monitor.rb:242:in `synchronize'
    /usr/local/rvm/gems/ree-1.8.7-2012.02@global/gems/activerecord-2.3.8/lib/active_record/connection_adapters/abstract/connection_pool.rb:183:in `checkout'
    /usr/local/rvm/gems/ree-1.8.7-2012.02@global/gems/activerecord-2.3.8/lib/active_record/connection_adapters/abstract/connection_pool.rb:98:in `connection'
    /usr/local/rvm/gems/ree-1.8.7-2012.02@global/gems/activerecord-2.3.8/lib/active_record/connection_adapters/abstract/connection_pool.rb:326:in `retrieve_connection'
    /usr/local/rvm/gems/ree-1.8.7-2012.02@global/gems/activerecord-2.3.8/lib/active_record/connection_adapters/abstract/connection_specification.rb:123:in `retrieve_connection'
    /usr/local/rvm/gems/ree-1.8.7-2012.02@global/gems/activerecord-2.3.8/lib/active_record/connection_adapters/abstract/connection_specification.rb:115:in `connection'
    /usr/local/rvm/gems/ree-1.8.7-2012.02@global/gems/activerecord-2.3.8/lib/active_record/query_cache.rb:9:in `cache'
    /usr/local/rvm/gems/ree-1.8.7-2012.02@global/gems/activerecord-2.3.8/lib/active_record/query_cache.rb:28:in `call'
    /usr/local/rvm/gems/ree-1.8.7-2012.02@global/gems/activerecord-2.3.8/lib/active_record/connection_adapters/abstract/connection_pool.rb:361:in `call'
    /usr/local/rvm/gems/ree-1.8.7-2012.02@global/gems/actionpack-2.3.8/lib/action_controller/string_coercion.rb:25:in `call'
    /usr/local/rvm/gems/ree-1.8.7-2012.02@global/gems/rack-1.1.6/lib/rack/head.rb:9:in `call'
    /usr/local/rvm/gems/ree-1.8.7-2012.02@global/gems/rack-1.1.6/lib/rack/methodoverride.rb:24:in `call'
    /usr/local/rvm/gems/ree-1.8.7-2012.02@global/gems/actionpack-2.3.8/lib/action_controller/params_parser.rb:15:in `call'
    /usr/local/rvm/gems/ree-1.8.7-2012.02@global/gems/actionpack-2.3.8/lib/action_controller/session/cookie_store.rb:99:in `call'
    /usr/local/rvm/gems/ree-1.8.7-2012.02@global/gems/actionpack-2.3.8/lib/action_controller/failsafe.rb:26:in `call'
    /usr/local/rvm/gems/ree-1.8.7-2012.02@global/gems/rack-1.1.6/lib/rack/lock.rb:11:in `call'
    /usr/local/rvm/gems/ree-1.8.7-2012.02@global/gems/rack-1.1.6/lib/rack/lock.rb:11:in `synchronize'
    /usr/local/rvm/gems/ree-1.8.7-2012.02@global/gems/rack-1.1.6/lib/rack/lock.rb:11:in `call'
    /usr/local/rvm/gems/ree-1.8.7-2012.02@global/gems/actionpack-2.3.8/lib/action_controller/dispatcher.rb:114:in `call'
    /usr/local/rvm/gems/ree-1.8.7-2012.02@global/gems/actionpack-2.3.8/lib/action_controller/reloader.rb:34:in `run'
    /usr/local/rvm/gems/ree-1.8.7-2012.02@global/gems/actionpack-2.3.8/lib/action_controller/dispatcher.rb:108:in `call'
    /usr/local/rvm/gems/ree-1.8.7-2012.02@global/gems/rails-2.3.8/lib/rails/rack/static.rb:31:in `call'
    /usr/local/rvm/gems/ree-1.8.7-2012.02@global/gems/rack-1.1.6/lib/rack/urlmap.rb:47:in `call'
    /usr/local/rvm/gems/ree-1.8.7-2012.02@global/gems/rack-1.1.6/lib/rack/urlmap.rb:41:in `each'
    /usr/local/rvm/gems/ree-1.8.7-2012.02@global/gems/rack-1.1.6/lib/rack/urlmap.rb:41:in `call'
    /usr/local/rvm/gems/ree-1.8.7-2012.02@global/gems/rails-2.3.8/lib/rails/rack/log_tailer.rb:17:in `call'
    /usr/local/rvm/gems/ree-1.8.7-2012.02@global/gems/rack-1.1.6/lib/rack/content_length.rb:13:in `call'
    /usr/local/rvm/gems/ree-1.8.7-2012.02@global/gems/rack-1.1.6/lib/rack/handler/webrick.rb:48:in `service'
    /usr/local/rvm/rubies/ree-1.8.7-2012.02/lib/ruby/1.8/webrick/httpserver.rb:104:in `service'
    /usr/local/rvm/rubies/ree-1.8.7-2012.02/lib/ruby/1.8/webrick/httpserver.rb:65:in `run'
    /usr/local/rvm/rubies/ree-1.8.7-2012.02/lib/ruby/1.8/webrick/server.rb:173:in `start_thread'
    /usr/local/rvm/rubies/ree-1.8.7-2012.02/lib/ruby/1.8/webrick/server.rb:162:in `start'
    /usr/local/rvm/rubies/ree-1.8.7-2012.02/lib/ruby/1.8/webrick/server.rb:162
/!\ FAILSAFE /!\  Mon Feb 10 13:09:16 +0530 2014
  Status: 500 Internal Server Error
  no such file to load -- sqlite3
    /usr/local/rvm/rubies/ree-1.8.7-2012.02/lib/ruby/site_ruby/1.8/rubygems/custom_require.rb:29:in `gem_original_require'
    /usr/local/rvm/rubies/ree-1.8.7-2012.02/lib/ruby/site_ruby/1.8/rubygems/custom_require.rb:29:in `require'
    /usr/local/rvm/gems/ree-1.8.7-2012.02@global/gems/activesupport-2.3.8/lib/active_support/dependencies.rb:156:in `require'
    /usr/local/rvm/gems/ree-1.8.7-2012.02@global/gems/activesupport-2.3.8/lib/active_support/dependencies.rb:521:in `new_constants_in'
    /usr/local/rvm/gems/ree-1.8.7-2012.02@global/gems/activesupport-2.3.8/lib/active_support/dependencies.rb:156:in `require'
    /usr/local/rvm/gems/ree-1.8.7-2012.02@global/gems/activesupport-2.3.8/lib/active_support/core_ext/kernel/requires.rb:7:in `require_library_or_gem'
    /usr/local/rvm/gems/ree-1.8.7-2012.02@global/gems/activesupport-2.3.8/lib/active_support/core_ext/kernel/reporting.rb:11:in `silence_warnings'
    /usr/local/rvm/gems/ree-1.8.7-2012.02@global/gems/activesupport-2.3.8/lib/active_support/core_ext/kernel/requires.rb:5:in `require_library_or_gem'
    /usr/local/rvm/gems/ree-1.8.7-2012.02@global/gems/activerecord-2.3.8/lib/active_record/connection_adapters/sqlite3_adapter.rb:10:in `sqlite3_connection'
    /usr/local/rvm/gems/ree-1.8.7-2012.02@global/gems/activerecord-2.3.8/lib/active_record/connection_adapters/abstract/connection_pool.rb:223:in `send'
    /usr/local/rvm/gems/ree-1.8.7-2012.02@global/gems/activerecord-2.3.8/lib/active_record/connection_adapters/abstract/connection_pool.rb:223:in `new_connection'
    /usr/local/rvm/gems/ree-1.8.7-2012.02@global/gems/activerecord-2.3.8/lib/active_record/connection_adapters/abstract/connection_pool.rb:245:in `checkout_new_connection'
    /usr/local/rvm/gems/ree-1.8.7-2012.02@global/gems/activerecord-2.3.8/lib/active_record/connection_adapters/abstract/connection_pool.rb:188:in `checkout'
    /usr/local/rvm/gems/ree-1.8.7-2012.02@global/gems/activerecord-2.3.8/lib/active_record/connection_adapters/abstract/connection_pool.rb:184:in `loop'
    /usr/local/rvm/gems/ree-1.8.7-2012.02@global/gems/activerecord-2.3.8/lib/active_record/connection_adapters/abstract/connection_pool.rb:184:in `checkout'
    /usr/local/rvm/rubies/ree-1.8.7-2012.02/lib/ruby/1.8/monitor.rb:242:in `synchronize'
    /usr/local/rvm/gems/ree-1.8.7-2012.02@global/gems/activerecord-2.3.8/lib/active_record/connection_adapters/abstract/connection_pool.rb:183:in `checkout'
    /usr/local/rvm/gems/ree-1.8.7-2012.02@global/gems/activerecord-2.3.8/lib/active_record/connection_adapters/abstract/connection_pool.rb:98:in `connection'
    /usr/local/rvm/gems/ree-1.8.7-2012.02@global/gems/activerecord-2.3.8/lib/active_record/connection_adapters/abstract/connection_pool.rb:326:in `retrieve_connection'
    /usr/local/rvm/gems/ree-1.8.7-2012.02@global/gems/activerecord-2.3.8/lib/active_record/connection_adapters/abstract/connection_specification.rb:123:in `retrieve_connection'
    /usr/local/rvm/gems/ree-1.8.7-2012.02@global/gems/activerecord-2.3.8/lib/active_record/connection_adapters/abstract/connection_specification.rb:115:in `connection'
    /usr/local/rvm/gems/ree-1.8.7-2012.02@global/gems/activerecord-2.3.8/lib/active_record/query_cache.rb:9:in `cache'
    /usr/local/rvm/gems/ree-1.8.7-2012.02@global/gems/activerecord-2.3.8/lib/active_record/query_cache.rb:28:in `call'
    /usr/local/rvm/gems/ree-1.8.7-2012.02@global/gems/activerecord-2.3.8/lib/active_record/connection_adapters/abstract/connection_pool.rb:361:in `call'
    /usr/local/rvm/gems/ree-1.8.7-2012.02@global/gems/actionpack-2.3.8/lib/action_controller/string_coercion.rb:25:in `call'
    /usr/local/rvm/gems/ree-1.8.7-2012.02@global/gems/rack-1.1.6/lib/rack/head.rb:9:in `call'
    /usr/local/rvm/gems/ree-1.8.7-2012.02@global/gems/rack-1.1.6/lib/rack/methodoverride.rb:24:in `call'
    /usr/local/rvm/gems/ree-1.8.7-2012.02@global/gems/actionpack-2.3.8/lib/action_controller/params_parser.rb:15:in `call'
    /usr/local/rvm/gems/ree-1.8.7-2012.02@global/gems/actionpack-2.3.8/lib/action_controller/session/cookie_store.rb:99:in `call'
    /usr/local/rvm/gems/ree-1.8.7-2012.02@global/gems/actionpack-2.3.8/lib/action_controller/failsafe.rb:26:in `call'
    /usr/local/rvm/gems/ree-1.8.7-2012.02@global/gems/rack-1.1.6/lib/rack/lock.rb:11:in `call'
    /usr/local/rvm/gems/ree-1.8.7-2012.02@global/gems/rack-1.1.6/lib/rack/lock.rb:11:in `synchronize'
    /usr/local/rvm/gems/ree-1.8.7-2012.02@global/gems/rack-1.1.6/lib/rack/lock.rb:11:in `call'
    /usr/local/rvm/gems/ree-1.8.7-2012.02@global/gems/actionpack-2.3.8/lib/action_controller/dispatcher.rb:114:in `call'
    /usr/local/rvm/gems/ree-1.8.7-2012.02@global/gems/actionpack-2.3.8/lib/action_controller/reloader.rb:34:in `run'
    /usr/local/rvm/gems/ree-1.8.7-2012.02@global/gems/actionpack-2.3.8/lib/action_controller/dispatcher.rb:108:in `call'
    /usr/local/rvm/gems/ree-1.8.7-2012.02@global/gems/rails-2.3.8/lib/rails/rack/static.rb:31:in `call'
    /usr/local/rvm/gems/ree-1.8.7-2012.02@global/gems/rack-1.1.6/lib/rack/urlmap.rb:47:in `call'
    /usr/local/rvm/gems/ree-1.8.7-2012.02@global/gems/rack-1.1.6/lib/rack/urlmap.rb:41:in `each'
    /usr/local/rvm/gems/ree-1.8.7-2012.02@global/gems/rack-1.1.6/lib/rack/urlmap.rb:41:in `call'
    /usr/local/rvm/gems/ree-1.8.7-2012.02@global/gems/rails-2.3.8/lib/rails/rack/log_tailer.rb:17:in `call'
    /usr/local/rvm/gems/ree-1.8.7-2012.02@global/gems/rack-1.1.6/lib/rack/content_length.rb:13:in `call'
    /usr/local/rvm/gems/ree-1.8.7-2012.02@global/gems/rack-1.1.6/lib/rack/handler/webrick.rb:48:in `service'
    /usr/local/rvm/rubies/ree-1.8.7-2012.02/lib/ruby/1.8/webrick/httpserver.rb:104:in `service'
    /usr/local/rvm/rubies/ree-1.8.7-2012.02/lib/ruby/1.8/webrick/httpserver.rb:65:in `run'
    /usr/local/rvm/rubies/ree-1.8.7-2012.02/lib/ruby/1.8/webrick/server.rb:173:in `start_thread'
    /usr/local/rvm/rubies/ree-1.8.7-2012.02/lib/ruby/1.8/webrick/server.rb:162:in `start'
    /usr/local/rvm/rubies/ree-1.8.7-2012.02/lib/ruby/1.8/webrick/server.rb:162
/!\ FAILSAFE /!\  Mon Feb 10 13:09:16 +0530 2014
  Status: 500 Internal Server Error
  no such file to load -- sqlite3
    /usr/local/rvm/rubies/ree-1.8.7-2012.02/lib/ruby/site_ruby/1.8/rubygems/custom_require.rb:29:in `gem_original_require'
    /usr/local/rvm/rubies/ree-1.8.7-2012.02/lib/ruby/site_ruby/1.8/rubygems/custom_require.rb:29:in `require'
    /usr/local/rvm/gems/ree-1.8.7-2012.02@global/gems/activesupport-2.3.8/lib/active_support/dependencies.rb:156:in `require'
    /usr/local/rvm/gems/ree-1.8.7-2012.02@global/gems/activesupport-2.3.8/lib/active_support/dependencies.rb:521:in `new_constants_in'
    /usr/local/rvm/gems/ree-1.8.7-2012.02@global/gems/activesupport-2.3.8/lib/active_support/dependencies.rb:156:in `require'
    /usr/local/rvm/gems/ree-1.8.7-2012.02@global/gems/activesupport-2.3.8/lib/active_support/core_ext/kernel/requires.rb:7:in `require_library_or_gem'
    /usr/local/rvm/gems/ree-1.8.7-2012.02@global/gems/activesupport-2.3.8/lib/active_support/core_ext/kernel/reporting.rb:11:in `silence_warnings'
    /usr/local/rvm/gems/ree-1.8.7-2012.02@global/gems/activesupport-2.3.8/lib/active_support/core_ext/kernel/requires.rb:5:in `require_library_or_gem'
    /usr/local/rvm/gems/ree-1.8.7-2012.02@global/gems/activerecord-2.3.8/lib/active_record/connection_adapters/sqlite3_adapter.rb:10:in `sqlite3_connection'
    /usr/local/rvm/gems/ree-1.8.7-2012.02@global/gems/activerecord-2.3.8/lib/active_record/connection_adapters/abstract/connection_pool.rb:223:in `send'
    /usr/local/rvm/gems/ree-1.8.7-2012.02@global/gems/activerecord-2.3.8/lib/active_record/connection_adapters/abstract/connection_pool.rb:223:in `new_connection'
    /usr/local/rvm/gems/ree-1.8.7-2012.02@global/gems/activerecord-2.3.8/lib/active_record/connection_adapters/abstract/connection_pool.rb:245:in `checkout_new_connection'
    /usr/local/rvm/gems/ree-1.8.7-2012.02@global/gems/activerecord-2.3.8/lib/active_record/connection_adapters/abstract/connection_pool.rb:188:in `checkout'
    /usr/local/rvm/gems/ree-1.8.7-2012.02@global/gems/activerecord-2.3.8/lib/active_record/connection_adapters/abstract/connection_pool.rb:184:in `loop'
    /usr/local/rvm/gems/ree-1.8.7-2012.02@global/gems/activerecord-2.3.8/lib/active_record/connection_adapters/abstract/connection_pool.rb:184:in `checkout'
    /usr/local/rvm/rubies/ree-1.8.7-2012.02/lib/ruby/1.8/monitor.rb:242:in `synchronize'
    /usr/local/rvm/gems/ree-1.8.7-2012.02@global/gems/activerecord-2.3.8/lib/active_record/connection_adapters/abstract/connection_pool.rb:183:in `checkout'
    /usr/local/rvm/gems/ree-1.8.7-2012.02@global/gems/activerecord-2.3.8/lib/active_record/connection_adapters/abstract/connection_pool.rb:98:in `connection'
    /usr/local/rvm/gems/ree-1.8.7-2012.02@global/gems/activerecord-2.3.8/lib/active_record/connection_adapters/abstract/connection_pool.rb:326:in `retrieve_connection'
    /usr/local/rvm/gems/ree-1.8.7-2012.02@global/gems/activerecord-2.3.8/lib/active_record/connection_adapters/abstract/connection_specification.rb:123:in `retrieve_connection'
    /usr/local/rvm/gems/ree-1.8.7-2012.02@global/gems/activerecord-2.3.8/lib/active_record/connection_adapters/abstract/connection_specification.rb:115:in `connection'
    /usr/local/rvm/gems/ree-1.8.7-2012.02@global/gems/activerecord-2.3.8/lib/active_record/query_cache.rb:9:in `cache'
    /usr/local/rvm/gems/ree-1.8.7-2012.02@global/gems/activerecord-2.3.8/lib/active_record/query_cache.rb:28:in `call'
    /usr/local/rvm/gems/ree-1.8.7-2012.02@global/gems/activerecord-2.3.8/lib/active_record/connection_adapters/abstract/connection_pool.rb:361:in `call'
    /usr/local/rvm/gems/ree-1.8.7-2012.02@global/gems/actionpack-2.3.8/lib/action_controller/string_coercion.rb:25:in `call'
    /usr/local/rvm/gems/ree-1.8.7-2012.02@global/gems/rack-1.1.6/lib/rack/head.rb:9:in `call'
    /usr/local/rvm/gems/ree-1.8.7-2012.02@global/gems/rack-1.1.6/lib/rack/methodoverride.rb:24:in `call'
    /usr/local/rvm/gems/ree-1.8.7-2012.02@global/gems/actionpack-2.3.8/lib/action_controller/params_parser.rb:15:in `call'
    /usr/local/rvm/gems/ree-1.8.7-2012.02@global/gems/actionpack-2.3.8/lib/action_controller/session/cookie_store.rb:99:in `call'
    /usr/local/rvm/gems/ree-1.8.7-2012.02@global/gems/actionpack-2.3.8/lib/action_controller/failsafe.rb:26:in `call'
    /usr/local/rvm/gems/ree-1.8.7-2012.02@global/gems/rack-1.1.6/lib/rack/lock.rb:11:in `call'
    /usr/local/rvm/gems/ree-1.8.7-2012.02@global/gems/rack-1.1.6/lib/rack/lock.rb:11:in `synchronize'
    /usr/local/rvm/gems/ree-1.8.7-2012.02@global/gems/rack-1.1.6/lib/rack/lock.rb:11:in `call'
    /usr/local/rvm/gems/ree-1.8.7-2012.02@global/gems/actionpack-2.3.8/lib/action_controller/dispatcher.rb:114:in `call'
    /usr/local/rvm/gems/ree-1.8.7-2012.02@global/gems/actionpack-2.3.8/lib/action_controller/reloader.rb:34:in `run'
    /usr/local/rvm/gems/ree-1.8.7-2012.02@global/gems/actionpack-2.3.8/lib/action_controller/dispatcher.rb:108:in `call'
    /usr/local/rvm/gems/ree-1.8.7-2012.02@global/gems/rails-2.3.8/lib/rails/rack/static.rb:31:in `call'
    /usr/local/rvm/gems/ree-1.8.7-2012.02@global/gems/rack-1.1.6/lib/rack/urlmap.rb:47:in `call'
    /usr/local/rvm/gems/ree-1.8.7-2012.02@global/gems/rack-1.1.6/lib/rack/urlmap.rb:41:in `each'
    /usr/local/rvm/gems/ree-1.8.7-2012.02@global/gems/rack-1.1.6/lib/rack/urlmap.rb:41:in `call'
    /usr/local/rvm/gems/ree-1.8.7-2012.02@global/gems/rails-2.3.8/lib/rails/rack/log_tailer.rb:17:in `call'
    /usr/local/rvm/gems/ree-1.8.7-2012.02@global/gems/rack-1.1.6/lib/rack/content_length.rb:13:in `call'
    /usr/local/rvm/gems/ree-1.8.7-2012.02@global/gems/rack-1.1.6/lib/rack/handler/webrick.rb:48:in `service'
    /usr/local/rvm/rubies/ree-1.8.7-2012.02/lib/ruby/1.8/webrick/httpserver.rb:104:in `service'
    /usr/local/rvm/rubies/ree-1.8.7-2012.02/lib/ruby/1.8/webrick/httpserver.rb:65:in `run'
    /usr/local/rvm/rubies/ree-1.8.7-2012.02/lib/ruby/1.8/webrick/server.rb:173:in `start_thread'
    /usr/local/rvm/rubies/ree-1.8.7-2012.02/lib/ruby/1.8/webrick/server.rb:162:in `start'
    /usr/local/rvm/rubies/ree-1.8.7-2012.02/lib/ruby/1.8/webrick/server.rb:162
/!\ FAILSAFE /!\  Mon Feb 10 13:09:19 +0530 2014
  Status: 500 Internal Server Error
  no such file to load -- sqlite3
    /usr/local/rvm/rubies/ree-1.8.7-2012.02/lib/ruby/site_ruby/1.8/rubygems/custom_require.rb:29:in `gem_original_require'
    /usr/local/rvm/rubies/ree-1.8.7-2012.02/lib/ruby/site_ruby/1.8/rubygems/custom_require.rb:29:in `require'
    /usr/local/rvm/gems/ree-1.8.7-2012.02@global/gems/activesupport-2.3.8/lib/active_support/dependencies.rb:156:in `require'
    /usr/local/rvm/gems/ree-1.8.7-2012.02@global/gems/activesupport-2.3.8/lib/active_support/dependencies.rb:521:in `new_constants_in'
    /usr/local/rvm/gems/ree-1.8.7-2012.02@global/gems/activesupport-2.3.8/lib/active_support/dependencies.rb:156:in `require'
    /usr/local/rvm/gems/ree-1.8.7-2012.02@global/gems/activesupport-2.3.8/lib/active_support/core_ext/kernel/requires.rb:7:in `require_library_or_gem'
    /usr/local/rvm/gems/ree-1.8.7-2012.02@global/gems/activesupport-2.3.8/lib/active_support/core_ext/kernel/reporting.rb:11:in `silence_warnings'
    /usr/local/rvm/gems/ree-1.8.7-2012.02@global/gems/activesupport-2.3.8/lib/active_support/core_ext/kernel/requires.rb:5:in `require_library_or_gem'
    /usr/local/rvm/gems/ree-1.8.7-2012.02@global/gems/activerecord-2.3.8/lib/active_record/connection_adapters/sqlite3_adapter.rb:10:in `sqlite3_connection'
    /usr/local/rvm/gems/ree-1.8.7-2012.02@global/gems/activerecord-2.3.8/lib/active_record/connection_adapters/abstract/connection_pool.rb:223:in `send'
    /usr/local/rvm/gems/ree-1.8.7-2012.02@global/gems/activerecord-2.3.8/lib/active_record/connection_adapters/abstract/connection_pool.rb:223:in `new_connection'
    /usr/local/rvm/gems/ree-1.8.7-2012.02@global/gems/activerecord-2.3.8/lib/active_record/connection_adapters/abstract/connection_pool.rb:245:in `checkout_new_connection'
    /usr/local/rvm/gems/ree-1.8.7-2012.02@global/gems/activerecord-2.3.8/lib/active_record/connection_adapters/abstract/connection_pool.rb:188:in `checkout'
    /usr/local/rvm/gems/ree-1.8.7-2012.02@global/gems/activerecord-2.3.8/lib/active_record/connection_adapters/abstract/connection_pool.rb:184:in `loop'
    /usr/local/rvm/gems/ree-1.8.7-2012.02@global/gems/activerecord-2.3.8/lib/active_record/connection_adapters/abstract/connection_pool.rb:184:in `checkout'
    /usr/local/rvm/rubies/ree-1.8.7-2012.02/lib/ruby/1.8/monitor.rb:242:in `synchronize'
    /usr/local/rvm/gems/ree-1.8.7-2012.02@global/gems/activerecord-2.3.8/lib/active_record/connection_adapters/abstract/connection_pool.rb:183:in `checkout'
    /usr/local/rvm/gems/ree-1.8.7-2012.02@global/gems/activerecord-2.3.8/lib/active_record/connection_adapters/abstract/connection_pool.rb:98:in `connection'
    /usr/local/rvm/gems/ree-1.8.7-2012.02@global/gems/activerecord-2.3.8/lib/active_record/connection_adapters/abstract/connection_pool.rb:326:in `retrieve_connection'
    /usr/local/rvm/gems/ree-1.8.7-2012.02@global/gems/activerecord-2.3.8/lib/active_record/connection_adapters/abstract/connection_specification.rb:123:in `retrieve_connection'
    /usr/local/rvm/gems/ree-1.8.7-2012.02@global/gems/activerecord-2.3.8/lib/active_record/connection_adapters/abstract/connection_specification.rb:115:in `connection'
    /usr/local/rvm/gems/ree-1.8.7-2012.02@global/gems/activerecord-2.3.8/lib/active_record/query_cache.rb:9:in `cache'
    /usr/local/rvm/gems/ree-1.8.7-2012.02@global/gems/activerecord-2.3.8/lib/active_record/query_cache.rb:28:in `call'
    /usr/local/rvm/gems/ree-1.8.7-2012.02@global/gems/activerecord-2.3.8/lib/active_record/connection_adapters/abstract/connection_pool.rb:361:in `call'
    /usr/local/rvm/gems/ree-1.8.7-2012.02@global/gems/actionpack-2.3.8/lib/action_controller/string_coercion.rb:25:in `call'
    /usr/local/rvm/gems/ree-1.8.7-2012.02@global/gems/rack-1.1.6/lib/rack/head.rb:9:in `call'
    /usr/local/rvm/gems/ree-1.8.7-2012.02@global/gems/rack-1.1.6/lib/rack/methodoverride.rb:24:in `call'
    /usr/local/rvm/gems/ree-1.8.7-2012.02@global/gems/actionpack-2.3.8/lib/action_controller/params_parser.rb:15:in `call'
    /usr/local/rvm/gems/ree-1.8.7-2012.02@global/gems/actionpack-2.3.8/lib/action_controller/session/cookie_store.rb:99:in `call'
    /usr/local/rvm/gems/ree-1.8.7-2012.02@global/gems/actionpack-2.3.8/lib/action_controller/failsafe.rb:26:in `call'
    /usr/local/rvm/gems/ree-1.8.7-2012.02@global/gems/rack-1.1.6/lib/rack/lock.rb:11:in `call'
    /usr/local/rvm/gems/ree-1.8.7-2012.02@global/gems/rack-1.1.6/lib/rack/lock.rb:11:in `synchronize'
    /usr/local/rvm/gems/ree-1.8.7-2012.02@global/gems/rack-1.1.6/lib/rack/lock.rb:11:in `call'
    /usr/local/rvm/gems/ree-1.8.7-2012.02@global/gems/actionpack-2.3.8/lib/action_controller/dispatcher.rb:114:in `call'
    /usr/local/rvm/gems/ree-1.8.7-2012.02@global/gems/actionpack-2.3.8/lib/action_controller/reloader.rb:34:in `run'
    /usr/local/rvm/gems/ree-1.8.7-2012.02@global/gems/actionpack-2.3.8/lib/action_controller/dispatcher.rb:108:in `call'
    /usr/local/rvm/gems/ree-1.8.7-2012.02@global/gems/rails-2.3.8/lib/rails/rack/static.rb:31:in `call'
    /usr/local/rvm/gems/ree-1.8.7-2012.02@global/gems/rack-1.1.6/lib/rack/urlmap.rb:47:in `call'
    /usr/local/rvm/gems/ree-1.8.7-2012.02@global/gems/rack-1.1.6/lib/rack/urlmap.rb:41:in `each'
    /usr/local/rvm/gems/ree-1.8.7-2012.02@global/gems/rack-1.1.6/lib/rack/urlmap.rb:41:in `call'
    /usr/local/rvm/gems/ree-1.8.7-2012.02@global/gems/rails-2.3.8/lib/rails/rack/log_tailer.rb:17:in `call'
    /usr/local/rvm/gems/ree-1.8.7-2012.02@global/gems/rack-1.1.6/lib/rack/content_length.rb:13:in `call'
    /usr/local/rvm/gems/ree-1.8.7-2012.02@global/gems/rack-1.1.6/lib/rack/handler/webrick.rb:48:in `service'
    /usr/local/rvm/rubies/ree-1.8.7-2012.02/lib/ruby/1.8/webrick/httpserver.rb:104:in `service'
    /usr/local/rvm/rubies/ree-1.8.7-2012.02/lib/ruby/1.8/webrick/httpserver.rb:65:in `run'
    /usr/local/rvm/rubies/ree-1.8.7-2012.02/lib/ruby/1.8/webrick/server.rb:173:in `start_thread'
    /usr/local/rvm/rubies/ree-1.8.7-2012.02/lib/ruby/1.8/webrick/server.rb:162:in `start'
    /usr/local/rvm/rubies/ree-1.8.7-2012.02/lib/ruby/1.8/webrick/server.rb:162
/!\ FAILSAFE /!\  Mon Feb 10 13:14:47 +0530 2014
  Status: 500 Internal Server Error
  no such file to load -- sqlite3
    /usr/local/rvm/rubies/ree-1.8.7-2012.02/lib/ruby/site_ruby/1.8/rubygems/custom_require.rb:29:in `gem_original_require'
    /usr/local/rvm/rubies/ree-1.8.7-2012.02/lib/ruby/site_ruby/1.8/rubygems/custom_require.rb:29:in `require'
    /usr/local/rvm/gems/ree-1.8.7-2012.02@global/gems/activesupport-2.3.8/lib/active_support/dependencies.rb:156:in `require'
    /usr/local/rvm/gems/ree-1.8.7-2012.02@global/gems/activesupport-2.3.8/lib/active_support/dependencies.rb:521:in `new_constants_in'
    /usr/local/rvm/gems/ree-1.8.7-2012.02@global/gems/activesupport-2.3.8/lib/active_support/dependencies.rb:156:in `require'
    /usr/local/rvm/gems/ree-1.8.7-2012.02@global/gems/activesupport-2.3.8/lib/active_support/core_ext/kernel/requires.rb:7:in `require_library_or_gem'
    /usr/local/rvm/gems/ree-1.8.7-2012.02@global/gems/activesupport-2.3.8/lib/active_support/core_ext/kernel/reporting.rb:11:in `silence_warnings'
    /usr/local/rvm/gems/ree-1.8.7-2012.02@global/gems/activesupport-2.3.8/lib/active_support/core_ext/kernel/requires.rb:5:in `require_library_or_gem'
    /usr/local/rvm/gems/ree-1.8.7-2012.02@global/gems/activerecord-2.3.8/lib/active_record/connection_adapters/sqlite3_adapter.rb:10:in `sqlite3_connection'
    /usr/local/rvm/gems/ree-1.8.7-2012.02@global/gems/activerecord-2.3.8/lib/active_record/connection_adapters/abstract/connection_pool.rb:223:in `send'
    /usr/local/rvm/gems/ree-1.8.7-2012.02@global/gems/activerecord-2.3.8/lib/active_record/connection_adapters/abstract/connection_pool.rb:223:in `new_connection'
    /usr/local/rvm/gems/ree-1.8.7-2012.02@global/gems/activerecord-2.3.8/lib/active_record/connection_adapters/abstract/connection_pool.rb:245:in `checkout_new_connection'
    /usr/local/rvm/gems/ree-1.8.7-2012.02@global/gems/activerecord-2.3.8/lib/active_record/connection_adapters/abstract/connection_pool.rb:188:in `checkout'
    /usr/local/rvm/gems/ree-1.8.7-2012.02@global/gems/activerecord-2.3.8/lib/active_record/connection_adapters/abstract/connection_pool.rb:184:in `loop'
    /usr/local/rvm/gems/ree-1.8.7-2012.02@global/gems/activerecord-2.3.8/lib/active_record/connection_adapters/abstract/connection_pool.rb:184:in `checkout'
    /usr/local/rvm/rubies/ree-1.8.7-2012.02/lib/ruby/1.8/monitor.rb:242:in `synchronize'
    /usr/local/rvm/gems/ree-1.8.7-2012.02@global/gems/activerecord-2.3.8/lib/active_record/connection_adapters/abstract/connection_pool.rb:183:in `checkout'
    /usr/local/rvm/gems/ree-1.8.7-2012.02@global/gems/activerecord-2.3.8/lib/active_record/connection_adapters/abstract/connection_pool.rb:98:in `connection'
    /usr/local/rvm/gems/ree-1.8.7-2012.02@global/gems/activerecord-2.3.8/lib/active_record/connection_adapters/abstract/connection_pool.rb:326:in `retrieve_connection'
    /usr/local/rvm/gems/ree-1.8.7-2012.02@global/gems/activerecord-2.3.8/lib/active_record/connection_adapters/abstract/connection_specification.rb:123:in `retrieve_connection'
    /usr/local/rvm/gems/ree-1.8.7-2012.02@global/gems/activerecord-2.3.8/lib/active_record/connection_adapters/abstract/connection_specification.rb:115:in `connection'
    /usr/local/rvm/gems/ree-1.8.7-2012.02@global/gems/activerecord-2.3.8/lib/active_record/query_cache.rb:9:in `cache'
    /usr/local/rvm/gems/ree-1.8.7-2012.02@global/gems/activerecord-2.3.8/lib/active_record/query_cache.rb:28:in `call'
    /usr/local/rvm/gems/ree-1.8.7-2012.02@global/gems/activerecord-2.3.8/lib/active_record/connection_adapters/abstract/connection_pool.rb:361:in `call'
    /usr/local/rvm/gems/ree-1.8.7-2012.02@global/gems/actionpack-2.3.8/lib/action_controller/string_coercion.rb:25:in `call'
    /usr/local/rvm/gems/ree-1.8.7-2012.02@global/gems/rack-1.1.6/lib/rack/head.rb:9:in `call'
    /usr/local/rvm/gems/ree-1.8.7-2012.02@global/gems/rack-1.1.6/lib/rack/methodoverride.rb:24:in `call'
    /usr/local/rvm/gems/ree-1.8.7-2012.02@global/gems/actionpack-2.3.8/lib/action_controller/params_parser.rb:15:in `call'
    /usr/local/rvm/gems/ree-1.8.7-2012.02@global/gems/actionpack-2.3.8/lib/action_controller/session/cookie_store.rb:99:in `call'
    /usr/local/rvm/gems/ree-1.8.7-2012.02@global/gems/actionpack-2.3.8/lib/action_controller/failsafe.rb:26:in `call'
    /usr/local/rvm/gems/ree-1.8.7-2012.02@global/gems/rack-1.1.6/lib/rack/lock.rb:11:in `call'
    /usr/local/rvm/gems/ree-1.8.7-2012.02@global/gems/rack-1.1.6/lib/rack/lock.rb:11:in `synchronize'
    /usr/local/rvm/gems/ree-1.8.7-2012.02@global/gems/rack-1.1.6/lib/rack/lock.rb:11:in `call'
    /usr/local/rvm/gems/ree-1.8.7-2012.02@global/gems/actionpack-2.3.8/lib/action_controller/dispatcher.rb:114:in `call'
    /usr/local/rvm/gems/ree-1.8.7-2012.02@global/gems/actionpack-2.3.8/lib/action_controller/reloader.rb:34:in `run'
    /usr/local/rvm/gems/ree-1.8.7-2012.02@global/gems/actionpack-2.3.8/lib/action_controller/dispatcher.rb:108:in `call'
    /usr/local/rvm/gems/ree-1.8.7-2012.02@global/gems/rails-2.3.8/lib/rails/rack/static.rb:31:in `call'
    /usr/local/rvm/gems/ree-1.8.7-2012.02@global/gems/rack-1.1.6/lib/rack/urlmap.rb:47:in `call'
    /usr/local/rvm/gems/ree-1.8.7-2012.02@global/gems/rack-1.1.6/lib/rack/urlmap.rb:41:in `each'
    /usr/local/rvm/gems/ree-1.8.7-2012.02@global/gems/rack-1.1.6/lib/rack/urlmap.rb:41:in `call'
    /usr/local/rvm/gems/ree-1.8.7-2012.02@global/gems/rails-2.3.8/lib/rails/rack/log_tailer.rb:17:in `call'
    /usr/local/rvm/gems/ree-1.8.7-2012.02@global/gems/rack-1.1.6/lib/rack/content_length.rb:13:in `call'
    /usr/local/rvm/gems/ree-1.8.7-2012.02@global/gems/rack-1.1.6/lib/rack/handler/webrick.rb:48:in `service'
    /usr/local/rvm/rubies/ree-1.8.7-2012.02/lib/ruby/1.8/webrick/httpserver.rb:104:in `service'
    /usr/local/rvm/rubies/ree-1.8.7-2012.02/lib/ruby/1.8/webrick/httpserver.rb:65:in `run'
    /usr/local/rvm/rubies/ree-1.8.7-2012.02/lib/ruby/1.8/webrick/server.rb:173:in `start_thread'
    /usr/local/rvm/rubies/ree-1.8.7-2012.02/lib/ruby/1.8/webrick/server.rb:162:in `start'
    /usr/local/rvm/rubies/ree-1.8.7-2012.02/lib/ruby/1.8/webrick/server.rb:162


Processing PagesController#home (for 127.0.0.1 at 2014-02-10 13:15:57) [GET]
Rendering pages/home
Completed in 50ms (View: 49 | 200 OK [http://0.0.0.0/pages/home]


Processing PagesController#contact (for 127.0.0.1 at 2014-02-10 15:56:07) [GET]
Rendering pages/contact
Completed in 6ms (View: 5 | 200 OK [http://0.0.0.0/pages/contact]


Processing PagesController#about (for 127.0.0.1 at 2014-02-10 15:56:11) [GET]
Rendering pages/about
Completed in 5ms (View: 4 | 200 OK [http://0.0.0.0/pages/about]


Processing PagesController#home (for 127.0.0.1 at 2014-02-10 16:10:25) [GET]
Rendering pages/home
Completed in 5ms (View: 4 | 200 OK [http://0.0.0.0/pages/home]


Processing PagesController#home (for 127.0.0.1 at 2014-02-10 16:17:07) [GET]
Rendering pages/home
Completed in 5ms (View: 4 | 200 OK [http://0.0.0.0/pages/home]


Processing PagesController#home (for 127.0.0.1 at 2014-02-10 16:17:09) [GET]
Rendering pages/home
Completed in 2ms (View: 1 | 200 OK [http://0.0.0.0/pages/home]


Processing PagesController#about (for 127.0.0.1 at 2014-02-10 16:26:58) [GET]
Rendering pages/about
Completed in 3ms (View: 1 | 200 OK [http://0.0.0.0/pages/about]


Processing PagesController#about (for 127.0.0.1 at 2014-02-10 16:28:54) [GET]
Rendering pages/about
Completed in 5ms (View: 3 | 200 OK [http://0.0.0.0/pages/about]


Processing PagesController#about (for 127.0.0.1 at 2014-02-10 16:28:56) [GET]
Rendering pages/about
Completed in 2ms (View: 1 | 200 OK [http://0.0.0.0/pages/about]


Processing PagesController#contact (for 127.0.0.1 at 2014-02-10 16:29:03) [GET]
Rendering pages/contact
Completed in 4ms (View: 3 | 200 OK [http://0.0.0.0/pages/contact]


Processing PagesController#contact (for 127.0.0.1 at 2014-02-10 16:37:25) [GET]
Rendering pages/contact
Completed in 5ms (View: 4 | 200 OK [http://0.0.0.0/pages/contact]


Processing PagesController#contact (for 127.0.0.1 at 2014-02-10 16:37:26) [GET]
Rendering pages/contact
Completed in 2ms (View: 1 | 200 OK [http://0.0.0.0/pages/contact]


Processing PagesController#home (for 127.0.0.1 at 2014-02-10 16:37:31) [GET]
Rendering pages/home
Completed in 4ms (View: 3 | 200 OK [http://0.0.0.0/pages/home]


Processing PagesController#about (for 127.0.0.1 at 2014-02-10 16:38:43) [GET]
Rendering template within layouts/application
Rendering pages/about
Completed in 9ms (View: 8 | 200 OK [http://0.0.0.0/pages/about]


Processing PagesController#contact (for 127.0.0.1 at 2014-02-10 16:38:51) [GET]
Rendering template within layouts/application
Rendering pages/contact
Completed in 5ms (View: 4 | 200 OK [http://0.0.0.0/pages/contact]


Processing PagesController#home (for 127.0.0.1 at 2014-02-10 16:38:56) [GET]
Rendering template within layouts/application
Rendering pages/home
Completed in 5ms (View: 4 | 200 OK [http://0.0.0.0/pages/home]


Processing PagesController#home (for 127.0.0.1 at 2014-02-10 16:41:00) [GET]
Rendering template within layouts/application
Rendering pages/home
Completed in 5ms (View: 4 | 200 OK [http://0.0.0.0/pages/home]


Processing PagesController#contact (for 127.0.0.1 at 2014-02-10 16:41:06) [GET]
Rendering template within layouts/application
Rendering pages/contact
Completed in 5ms (View: 4 | 200 OK [http://0.0.0.0/pages/contact]


Processing PagesController#contact (for 127.0.0.1 at 2014-02-10 16:41:22) [GET]
Rendering template within layouts/application
Rendering pages/contact
Completed in 5ms (View: 4 | 200 OK [http://0.0.0.0/pages/contact]


Processing PagesController#about (for 127.0.0.1 at 2014-02-10 16:41:27) [GET]
Rendering template within layouts/application
Rendering pages/about
Completed in 47ms (View: 46 | 200 OK [http://0.0.0.0/pages/about]
